gradleBuild/outputs/logs/manifest-merger-debug-report.txt
-- Merging decision tree log ---
manifest
ADDED from Yolo-Android\android\AndroidManifest.xml:16:1-61:12
MERGED from [org.tensorflow:tensorflow-android:1.13.0-rc0] AndroidManifest.xml:2:1-8:12
MERGED from [com.android.support:appcompat-v7:28.0.0] AndroidManifest.xml:17:1-22:12
MERGED from [com.android.support.constraint:constraint-layout:1.1.3] AndroidManifest.xml:2:1-11:12
MERGED from [com.android.support:support-fragment:28.0.0] AndroidManifest.xml:17:1-22:12
MERGED from [com.android.support:animated-vector-drawable:28.0.0] AndroidManifest.xml:17:1-22:12
MERGED from [com.android.support:support-core-ui:28.0.0] AndroidManifest.xml:17:1-22:12
MERGED from [com.android.support:support-core-utils:28.0.0] AndroidManifest.xml:17:1-22:12
MERGED from [com.android.support:support-vector-drawable:28.0.0] AndroidManifest.xml:17:1-22:12
MERGED from [com.android.support:loader:28.0.0] AndroidManifest.xml:17:1-22:12
MERGED from [com.android.support:viewpager:28.0.0] AndroidManifest.xml:17:1-22:12
MERGED from [com.android.support:coordinatorlayout:28.0.0] AndroidManifest.xml:17:1-22:12
MERGED from [com.android.support:drawerlayout:28.0.0] AndroidManifest.xml:17:1-22:12
MERGED from [com.android.support:slidingpanelayout:28.0.0] AndroidManifest.xml:17:1-22:12
MERGED from [com.android.support:customview:28.0.0] AndroidManifest.xml:17:1-22:12
MERGED from [com.android.support:swiperefreshlayout:28.0.0] AndroidManifest.xml:17:1-22:12
MERGED from [com.android.support:asynclayoutinflater:28.0.0] AndroidManifest.xml:17:1-22:12
MERGED from [com.android.support:support-compat:28.0.0] AndroidManifest.xml:17:1-24:12
MERGED from [com.android.support:versionedparcelable:28.0.0] AndroidManifest.xml:17:1-25:12
MERGED from [com.android.support:cursoradapter:28.0.0] AndroidManifest.xml:17:1-22:12
MERGED from [android.arch.lifecycle:runtime:1.1.1] AndroidManifest.xml:17:1-22:12
MERGED from [com.android.support:documentfile:28.0.0] AndroidManifest.xml:17:1-22:12
MERGED from [com.android.support:localbroadcastmanager:28.0.0] AndroidManifest.xml:17:1-22:12
MERGED from [com.android.support:print:28.0.0] AndroidManifest.xml:17:1-22:12
MERGED from [android.arch.lifecycle:viewmodel:1.1.1] AndroidManifest.xml:17:1-22:12
MERGED from [android.arch.lifecycle:livedata:1.1.1] AndroidManifest.xml:17:1-22:12
MERGED from [android.arch.lifecycle:livedata-core:1.1.1] AndroidManifest.xml:17:1-22:12
MERGED from [android.arch.core:runtime:1.1.1] AndroidManifest.xml:17:1-22:12
MERGED from [com.android.support:interpolator:28.0.0] AndroidManifest.xml:17:1-22:12
	package
		ADDED from Yolo-Android\android\AndroidManifest.xml:18:5-41
	xmlns:tools
		ADDED from Yolo-Android\android\AndroidManifest.xml:17:5-51
	xmlns:android
		ADDED from Yolo-Android\android\AndroidManifest.xml:16:11-69
	tools:ignore
		ADDED from Yolo-Android\android\AndroidManifest.xml:19:5-46
uses-permission#android.permission.INTERNET
ADDED from Yolo-Android\android\AndroidManifest.xml:22:5-67
	android:name
		ADDED from Yolo-Android\android\AndroidManifest.xml:22:22-64
uses-permission#android.permission.CAMERA
ADDED from Yolo-Android\android\AndroidManifest.xml:23:5-65
	android:name
		ADDED from Yolo-Android\android\AndroidManifest.xml:23:22-62
uses-feature#android.hardware.camera
ADDED from Yolo-Android\android\AndroidManifest.xml:25:5-27:36
	android:required
		ADDED from Yolo-Android\android\AndroidManifest.xml:27:9-33
	android:name
		ADDED from Yolo-Android\android\AndroidManifest.xml:26:9-47
uses-feature#android.hardware.camera.autofocus
ADDED from Yolo-Android\android\AndroidManifest.xml:28:5-30:36
	android:required
		ADDED from Yolo-Android\android\AndroidManifest.xml:30:9-33
	android:name
		ADDED from Yolo-Android\android\AndroidManifest.xml:29:9-57
uses-feature#android.software.leanback
ADDED from Yolo-Android\android\AndroidManifest.xml:31:5-33:36
	android:required
		ADDED from Yolo-Android\android\AndroidManifest.xml:33:9-33
	android:name
		ADDED from Yolo-Android\android\AndroidManifest.xml:32:9-49
uses-permission#android.permission.WRITE_EXTERNAL_STORAGE
ADDED from Yolo-Android\android\AndroidManifest.xml:35:5-81
	android:name
		ADDED from Yolo-Android\android\AndroidManifest.xml:35:22-78
uses-permission#android.permission.RECORD_AUDIO
ADDED from Yolo-Android\android\AndroidManifest.xml:36:5-71
	android:name
		ADDED from Yolo-Android\android\AndroidManifest.xml:36:22-68
uses-permission#android.permission.READ_PHONE_STATE
ADDED from Yolo-Android\android\AndroidManifest.xml:37:5-75
	android:name
		ADDED from Yolo-Android\android\AndroidManifest.xml:37:22-72
uses-permission#android.permission.READ_EXTERNAL_STORAGE
ADDED from Yolo-Android\android\AndroidManifest.xml:38:5-80
	android:name
		ADDED from Yolo-Android\android\AndroidManifest.xml:38:22-77
application
ADDED from Yolo-Android\android\AndroidManifest.xml:41:5-59:19
MERGED from [org.tensorflow:tensorflow-android:1.13.0-rc0] AndroidManifest.xml:5:5-6:19
MERGED from [org.tensorflow:tensorflow-android:1.13.0-rc0] AndroidManifest.xml:5:5-6:19
MERGED from [com.android.support.constraint:constraint-layout:1.1.3] AndroidManifest.xml:9:5-20
MERGED from [com.android.support.constraint:constraint-layout:1.1.3] AndroidManifest.xml:9:5-20
MERGED from [com.android.support:support-compat:28.0.0] AndroidManifest.xml:22:5-94
MERGED from [com.android.support:support-compat:28.0.0] AndroidManifest.xml:22:5-94
MERGED from [com.android.support:versionedparcelable:28.0.0] AndroidManifest.xml:22:5-23:19
MERGED from [com.android.support:versionedparcelable:28.0.0] AndroidManifest.xml:22:5-23:19
	android:appComponentFactory
		ADDED from [com.android.support:support-compat:28.0.0] AndroidManifest.xml:22:18-91
	android:label
		ADDED from Yolo-Android\android\AndroidManifest.xml:45:9-41
	android:debuggable
		ADDED from Yolo-Android\android\AndroidManifest.xml:43:9-34
	tools:ignore
		ADDED from Yolo-Android\android\AndroidManifest.xml:47:9-58
	android:icon
		ADDED from Yolo-Android\android\AndroidManifest.xml:44:9-38
	android:allowBackup
		ADDED from Yolo-Android\android\AndroidManifest.xml:42:9-35
	android:theme
		ADDED from Yolo-Android\android\AndroidManifest.xml:46:9-45
activity#com.dipesh.objectdetection.DetectorActivity
ADDED from Yolo-Android\android\AndroidManifest.xml:48:9-58:20
	android:screenOrientation
		ADDED from Yolo-Android\android\AndroidManifest.xml:51:13-49
	android:label
		ADDED from Yolo-Android\android\AndroidManifest.xml:50:13-45
	android:name
		ADDED from Yolo-Android\android\AndroidManifest.xml:49:13-45
intent-filter#action:name:android.intent.action.MAIN+category:name:android.intent.category.LAUNCHER+category:name:android.intent.category.LEANBACK_LAUNCHER
ADDED from Yolo-Android\android\AndroidManifest.xml:52:13-57:29
action#android.intent.action.MAIN
ADDED from Yolo-Android\android\AndroidManifest.xml:53:17-69
	android:name
		ADDED from Yolo-Android\android\AndroidManifest.xml:53:25-66
category#android.intent.category.LAUNCHER
ADDED from Yolo-Android\android\AndroidManifest.xml:55:17-77
	android:name
		ADDED from Yolo-Android\android\AndroidManifest.xml:55:27-74
category#android.intent.category.LEANBACK_LAUNCHER
ADDED from Yolo-Android\android\AndroidManifest.xml:56:17-86
	android:name
		ADDED from Yolo-Android\android\AndroidManifest.xml:56:27-83
uses-sdk
INJECTED from Yolo-Android\android\AndroidManifest.xml reason: use-sdk injection requested
INJECTED from Yolo-Android\android\AndroidManifest.xml
INJECTED from Yolo-Android\android\AndroidManifest.xml
MERGED from [com.android.support:appcompat-v7:28.0.0] AndroidManifest.xml:20:5-44
MERGED from [com.android.support:appcompat-v7:28.0.0] AndroidManifest.xml:20:5-44
MERGED from [com.android.support.constraint:constraint-layout:1.1.3] AndroidManifest.xml:5:5-7:41
MERGED from [com.android.support.constraint:constraint-layout:1.1.3] AndroidManifest.xml:5:5-7:41
MERGED from [com.android.support:support-fragment:28.0.0] AndroidManifest.xml:20:5-44
MERGED from [com.android.support:support-fragment:28.0.0] AndroidManifest.xml:20:5-44
MERGED from [com.android.support:animated-vector-drawable:28.0.0] AndroidManifest.xml:20:5-44
MERGED from [com.android.support:animated-vector-drawable:28.0.0] AndroidManifest.xml:20:5-44
MERGED from [com.android.support:support-core-ui:28.0.0] AndroidManifest.xml:20:5-44
MERGED from [com.android.support:support-core-ui:28.0.0] AndroidManifest.xml:20:5-44
MERGED from [com.android.support:support-core-utils:28.0.0] AndroidManifest.xml:20:5-44
MERGED from [com.android.support:support-core-utils:28.0.0] AndroidManifest.xml:20:5-44
MERGED from [com.android.support:support-vector-drawable:28.0.0] AndroidManifest.xml:20:5-44
MERGED from [com.android.support:support-vector-drawable:28.0.0] AndroidManifest.xml:20:5-44
MERGED from [com.android.support:loader:28.0.0] AndroidManifest.xml:20:5-44
MERGED from [com.android.support:loader:28.0.0] AndroidManifest.xml:20:5-44
MERGED from [com.android.support:viewpager:28.0.0] AndroidManifest.xml:20:5-44
MERGED from [com.android.support:viewpager:28.0.0] AndroidManifest.xml:20:5-44
MERGED from [com.android.support:coordinatorlayout:28.0.0] AndroidManifest.xml:20:5-44
MERGED from [com.android.support:coordinatorlayout:28.0.0] AndroidManifest.xml:20:5-44
MERGED from [com.android.support:drawerlayout:28.0.0] AndroidManifest.xml:20:5-44
MERGED from [com.android.support:drawerlayout:28.0.0] AndroidManifest.xml:20:5-44
MERGED from [com.android.support:slidingpanelayout:28.0.0] AndroidManifest.xml:20:5-44
MERGED from [com.android.support:slidingpanelayout:28.0.0] AndroidManifest.xml:20:5-44
MERGED from [com.android.support:customview:28.0.0] AndroidManifest.xml:20:5-44
MERGED from [com.android.support:customview:28.0.0] AndroidManifest.xml:20:5-44
MERGED from [com.android.support:swiperefreshlayout:28.0.0] AndroidManifest.xml:20:5-44
MERGED from [com.android.support:swiperefreshlayout:28.0.0] AndroidManifest.xml:20:5-44
MERGED from [com.android.support:asynclayoutinflater:28.0.0] AndroidManifest.xml:20:5-44
MERGED from [com.android.support:asynclayoutinflater:28.0.0] AndroidManifest.xml:20:5-44
MERGED from [com.android.support:support-compat:28.0.0] AndroidManifest.xml:20:5-44
MERGED from [com.android.support:support-compat:28.0.0] AndroidManifest.xml:20:5-44
MERGED from [com.android.support:versionedparcelable:28.0.0] AndroidManifest.xml:20:5-44
MERGED from [com.android.support:versionedparcelable:28.0.0] AndroidManifest.xml:20:5-44
MERGED from [com.android.support:cursoradapter:28.0.0] AndroidManifest.xml:20:5-44
MERGED from [com.android.support:cursoradapter:28.0.0] AndroidManifest.xml:20:5-44
MERGED from [android.arch.lifecycle:runtime:1.1.1] AndroidManifest.xml:20:5-44
MERGED from [android.arch.lifecycle:runtime:1.1.1] AndroidManifest.xml:20:5-44
MERGED from [com.android.support:documentfile:28.0.0] AndroidManifest.xml:20:5-44
MERGED from [com.android.support:documentfile:28.0.0] AndroidManifest.xml:20:5-44
MERGED from [com.android.support:localbroadcastmanager:28.0.0] AndroidManifest.xml:20:5-44
MERGED from [com.android.support:localbroadcastmanager:28.0.0] AndroidManifest.xml:20:5-44
MERGED from [com.android.support:print:28.0.0] AndroidManifest.xml:20:5-44
MERGED from [com.android.support:print:28.0.0] AndroidManifest.xml:20:5-44
MERGED from [android.arch.lifecycle:viewmodel:1.1.1] AndroidManifest.xml:20:5-44
MERGED from [android.arch.lifecycle:viewmodel:1.1.1] AndroidManifest.xml:20:5-44
MERGED from [android.arch.lifecycle:livedata:1.1.1] AndroidManifest.xml:20:5-44
MERGED from [android.arch.lifecycle:livedata:1.1.1] AndroidManifest.xml:20:5-44
MERGED from [android.arch.lifecycle:livedata-core:1.1.1] AndroidManifest.xml:20:5-44
MERGED from [android.arch.lifecycle:livedata-core:1.1.1] AndroidManifest.xml:20:5-44
MERGED from [android.arch.core:runtime:1.1.1] AndroidManifest.xml:20:5-44
MERGED from [android.arch.core:runtime:1.1.1] AndroidManifest.xml:20:5-44
MERGED from [com.android.support:interpolator:28.0.0] AndroidManifest.xml:20:5-44
MERGED from [com.android.support:interpolator:28.0.0] AndroidManifest.xml:20:5-44
INJECTED from Yolo-Android\android\AndroidManifest.xml
INJECTED from Yolo-Android\android\AndroidManifest.xml
	android:targetSdkVersion
		INJECTED from Yolo-Android\android\AndroidManifest.xml
		ADDED from Yolo-Android\android\AndroidManifest.xml
		INJECTED from Yolo-Android\android\AndroidManifest.xml
	android:minSdkVersion
		INJECTED from Yolo-Android\android\AndroidManifest.xml
		ADDED from Yolo-Android\android\AndroidManifest.xml
		INJECTED from Yolo-Android\android\AndroidManifest.xml